<?xml version="1.0" encoding="UTF-8"?>
<!-- Generated by org.testng.reporters.JUnitReportReporter -->
<testsuite skipped="0" hostname="DESKTOP-MDH6837" name="com.dataproviderDemo.TestCase1" tests="3" failures="0" timestamp="27 Apr 2019 05:11:45 GMT" time="0.902" errors="0">
  <testcase name="UserNametest" time="0.331" classname="com.dataproviderDemo.TestCase1"/>
  <testcase name="UserNametest" time="0.314" classname="com.dataproviderDemo.TestCase1"/>
  <testcase name="UserNametest" time="0.257" classname="com.dataproviderDemo.TestCase1"/>
</testsuite> <!-- com.dataproviderDemo.TestCase1 -->
