<?xml version="1.0" encoding="UTF-8"?>
<!-- Generated by org.testng.reporters.JUnitReportReporter -->
<testsuite skipped="0" hostname="DESKTOP-MDH6837" name="com.pack.ReadExcelDataProvider" tests="5" failures="0" timestamp="14 Sep 2019 20:19:50 GMT" time="4.060" errors="0">
  <testcase name="VerifyInvalidLogin" time="1.824" classname="com.pack.ReadExcelDataProvider"/>
  <testcase name="VerifyInvalidLogin" time="0.519" classname="com.pack.ReadExcelDataProvider"/>
  <testcase name="VerifyInvalidLogin" time="0.597" classname="com.pack.ReadExcelDataProvider"/>
  <testcase name="VerifyInvalidLogin" time="0.552" classname="com.pack.ReadExcelDataProvider"/>
  <testcase name="VerifyInvalidLogin" time="0.568" classname="com.pack.ReadExcelDataProvider"/>
</testsuite> <!-- com.pack.ReadExcelDataProvider -->
